<?xml version="1.0" encoding="UTF-8"?>
<!-- Generated by org.testng.reporters.JUnitReportReporter -->
<testsuite hostname="DESKTOP-IOQCSKS" failures="0" tests="2" name="runner.test_runner" time="230.101" errors="0" timestamp="7 Nov 2022 04:13:38 GMT">
  <testcase classname="runner.test_runner" name="runScenario" time="44.399"/>
  <testcase classname="runner.test_runner" name="runScenario" time="185.702"/>
</testsuite> <!-- runner.test_runner -->
